This file contains any messages produced by compilers while
running configure, to aid debugging if configure makes a mistake.

It was created by dht configure 0.1, which was
generated by GNU Autoconf 2.69.  Invocation command line was

  $ ./configure 

## --------- ##
## Platform. ##
## --------- ##

hostname = dhcppc10
uname -m = x86_64
uname -r = 3.14.14-gentoo
uname -s = Linux
uname -v = #10 SMP Mon Mar 2 00:52:49 MSK 2015

/usr/bin/uname -p = Intel(R) Core(TM) i7-2670QM CPU @ 2.20GHz
/bin/uname -X     = unknown

/bin/arch              = unknown
/usr/bin/arch -k       = unknown
/usr/convex/getsysinfo = unknown
/usr/bin/hostinfo      = unknown
/bin/machine           = unknown
/usr/bin/oslevel       = unknown
/bin/universe          = unknown

PATH: /usr/local/sbin
PATH: /usr/local/bin
PATH: /usr/sbin
PATH: /usr/bin
PATH: /sbin
PATH: /bin
PATH: /opt/bin
PATH: /usr/x86_64-pc-linux-gnu/gcc-bin/4.8.5
PATH: /usr/lib64/subversion/bin


## ----------- ##
## Core tests. ##
## ----------- ##

configure:2304: checking for a BSD-compatible install
configure:2372: result: /usr/bin/install -c
configure:2383: checking whether build environment is sane
configure:2438: result: yes
configure:2589: checking for a thread-safe mkdir -p
configure:2628: result: /bin/mkdir -p
configure:2635: checking for gawk
configure:2651: found /usr/bin/gawk
configure:2662: result: gawk
configure:2673: checking whether make sets $(MAKE)
configure:2695: result: yes
configure:2724: checking whether make supports nested variables
configure:2741: result: yes
configure:2879: checking whether make supports nested variables
configure:2896: result: yes
configure:2956: checking for gcc
configure:2972: found /usr/bin/gcc
configure:2983: result: gcc
configure:3212: checking for C compiler version
configure:3221: gcc --version >&5
gcc (Gentoo 4.8.5 p1.3, pie-0.6.2) 4.8.5
Copyright (C) 2015 Free Software Foundation, Inc.
This is free software; see the source for copying conditions.  There is NO
warranty; not even for MERCHANTABILITY or FITNESS FOR A PARTICULAR PURPOSE.

configure:3232: $? = 0
configure:3221: gcc -v >&5
Using built-in specs.
COLLECT_GCC=/usr/x86_64-pc-linux-gnu/gcc-bin/4.8.5/gcc
COLLECT_LTO_WRAPPER=/usr/libexec/gcc/x86_64-pc-linux-gnu/4.8.5/lto-wrapper
Target: x86_64-pc-linux-gnu
Configured with: /var/tmp/portage/sys-devel/gcc-4.8.5/work/gcc-4.8.5/configure --host=x86_64-pc-linux-gnu --build=x86_64-pc-linux-gnu --prefix=/usr --bindir=/usr/x86_64-pc-linux-gnu/gcc-bin/4.8.5 --includedir=/usr/lib/gcc/x86_64-pc-linux-gnu/4.8.5/include --datadir=/usr/share/gcc-data/x86_64-pc-linux-gnu/4.8.5 --mandir=/usr/share/gcc-data/x86_64-pc-linux-gnu/4.8.5/man --infodir=/usr/share/gcc-data/x86_64-pc-linux-gnu/4.8.5/info --with-gxx-include-dir=/usr/lib/gcc/x86_64-pc-linux-gnu/4.8.5/include/g++-v4 --with-python-dir=/share/gcc-data/x86_64-pc-linux-gnu/4.8.5/python --enable-languages=c,c++,java,go,objc,obj-c++,fortran --enable-obsolete --enable-secureplt --disable-werror --with-system-zlib --enable-nls --without-included-gettext --enable-checking=release --with-bugurl=https://bugs.gentoo.org/ --with-pkgversion='Gentoo 4.8.5 p1.3, pie-0.6.2' --enable-libstdcxx-time --enable-shared --enable-threads=posix --enable-__cxa_atexit --enable-clocale=gnu --enable-multilib --with-multilib-list=m32,m64 --disable-altivec --disable-fixed-point --enable-targets=all --enable-libgomp --disable-libmudflap --disable-libssp --enable-lto --with-cloog --disable-isl-version-check --enable-libsanitizer
Thread model: posix
gcc version 4.8.5 (Gentoo 4.8.5 p1.3, pie-0.6.2) 
configure:3232: $? = 0
configure:3221: gcc -V >&5
gcc: error: unrecognized command line option '-V'
gcc: fatal error: no input files
compilation terminated.
configure:3232: $? = 1
configure:3221: gcc -qversion >&5
gcc: error: unrecognized command line option '-qversion'
gcc: fatal error: no input files
compilation terminated.
configure:3232: $? = 1
configure:3252: checking whether the C compiler works
configure:3274: gcc    conftest.c  >&5
configure:3278: $? = 0
configure:3326: result: yes
configure:3329: checking for C compiler default output file name
configure:3331: result: a.out
configure:3337: checking for suffix of executables
configure:3344: gcc -o conftest    conftest.c  >&5
configure:3348: $? = 0
configure:3370: result: 
configure:3392: checking whether we are cross compiling
configure:3400: gcc -o conftest    conftest.c  >&5
configure:3404: $? = 0
configure:3411: ./conftest
configure:3415: $? = 0
configure:3430: result: no
configure:3435: checking for suffix of object files
configure:3457: gcc -c   conftest.c >&5
configure:3461: $? = 0
configure:3482: result: o
configure:3486: checking whether we are using the GNU C compiler
configure:3505: gcc -c   conftest.c >&5
configure:3505: $? = 0
configure:3514: result: yes
configure:3523: checking whether gcc accepts -g
configure:3543: gcc -c -g  conftest.c >&5
configure:3543: $? = 0
configure:3584: result: yes
configure:3601: checking for gcc option to accept ISO C89
configure:3664: gcc  -c -g -O2  conftest.c >&5
configure:3664: $? = 0
configure:3677: result: none needed
configure:3702: checking whether gcc understands -c and -o together
configure:3724: gcc -c conftest.c -o conftest2.o
configure:3727: $? = 0
configure:3724: gcc -c conftest.c -o conftest2.o
configure:3727: $? = 0
configure:3739: result: yes
configure:3767: checking for style of include used by make
configure:3795: result: GNU
configure:3821: checking dependency style of gcc
configure:3932: result: gcc3
configure:3952: checking whether NLS is requested
configure:3961: result: yes
configure:3979: checking for intltool >= 0.35.0
configure:3981: result: 0.50.2 found
configure:3989: checking for intltool-update
configure:4007: found /usr/bin/intltool-update
configure:4019: result: /usr/bin/intltool-update
configure:4029: checking for intltool-merge
configure:4047: found /usr/bin/intltool-merge
configure:4059: result: /usr/bin/intltool-merge
configure:4069: checking for intltool-extract
configure:4087: found /usr/bin/intltool-extract
configure:4099: result: /usr/bin/intltool-extract
configure:4253: checking for xgettext
configure:4271: found /usr/bin/xgettext
configure:4283: result: /usr/bin/xgettext
configure:4293: checking for msgmerge
configure:4311: found /usr/bin/msgmerge
configure:4323: result: /usr/bin/msgmerge
configure:4333: checking for msgfmt
configure:4351: found /usr/bin/msgfmt
configure:4363: result: /usr/bin/msgfmt
configure:4373: checking for gmsgfmt
configure:4391: found /usr/bin/gmsgfmt
configure:4404: result: /usr/bin/gmsgfmt
configure:4424: checking for perl
configure:4442: found /usr/bin/perl
configure:4454: result: /usr/bin/perl
configure:4465: checking for perl >= 5.8.1
configure:4472: result: 5.20.2
configure:4476: checking for XML::Parser
configure:4479: result: ok
configure:4507: checking how to run the C preprocessor
configure:4538: gcc -E  conftest.c
configure:4538: $? = 0
configure:4552: gcc -E  conftest.c
conftest.c:12:28: fatal error: ac_nonexistent.h: No such file or directory
 #include <ac_nonexistent.h>
                            ^
compilation terminated.
configure:4552: $? = 1
configure: failed program was:
| /* confdefs.h */
| #define PACKAGE_NAME "dht"
| #define PACKAGE_TARNAME "dht"
| #define PACKAGE_VERSION "0.1"
| #define PACKAGE_STRING "dht 0.1"
| #define PACKAGE_BUGREPORT ""
| #define PACKAGE_URL ""
| #define PACKAGE "dht"
| #define VERSION "0.1"
| #define GETTEXT_PACKAGE "dht"
| /* end confdefs.h.  */
| #include <ac_nonexistent.h>
configure:4577: result: gcc -E
configure:4597: gcc -E  conftest.c
configure:4597: $? = 0
configure:4611: gcc -E  conftest.c
conftest.c:12:28: fatal error: ac_nonexistent.h: No such file or directory
 #include <ac_nonexistent.h>
                            ^
compilation terminated.
configure:4611: $? = 1
configure: failed program was:
| /* confdefs.h */
| #define PACKAGE_NAME "dht"
| #define PACKAGE_TARNAME "dht"
| #define PACKAGE_VERSION "0.1"
| #define PACKAGE_STRING "dht 0.1"
| #define PACKAGE_BUGREPORT ""
| #define PACKAGE_URL ""
| #define PACKAGE "dht"
| #define VERSION "0.1"
| #define GETTEXT_PACKAGE "dht"
| /* end confdefs.h.  */
| #include <ac_nonexistent.h>
configure:4640: checking for grep that handles long lines and -e
configure:4698: result: /bin/grep
configure:4703: checking for egrep
configure:4765: result: /bin/grep -E
configure:4770: checking for ANSI C header files
configure:4790: gcc -c -g -O2  conftest.c >&5
configure:4790: $? = 0
configure:4863: gcc -o conftest -g -O2   conftest.c  >&5
configure:4863: $? = 0
configure:4863: ./conftest
configure:4863: $? = 0
configure:4874: result: yes
configure:4887: checking for sys/types.h
configure:4887: gcc -c -g -O2  conftest.c >&5
configure:4887: $? = 0
configure:4887: result: yes
configure:4887: checking for sys/stat.h
configure:4887: gcc -c -g -O2  conftest.c >&5
configure:4887: $? = 0
configure:4887: result: yes
configure:4887: checking for stdlib.h
configure:4887: gcc -c -g -O2  conftest.c >&5
configure:4887: $? = 0
configure:4887: result: yes
configure:4887: checking for string.h
configure:4887: gcc -c -g -O2  conftest.c >&5
configure:4887: $? = 0
configure:4887: result: yes
configure:4887: checking for memory.h
configure:4887: gcc -c -g -O2  conftest.c >&5
configure:4887: $? = 0
configure:4887: result: yes
configure:4887: checking for strings.h
configure:4887: gcc -c -g -O2  conftest.c >&5
configure:4887: $? = 0
configure:4887: result: yes
configure:4887: checking for inttypes.h
configure:4887: gcc -c -g -O2  conftest.c >&5
configure:4887: $? = 0
configure:4887: result: yes
configure:4887: checking for stdint.h
configure:4887: gcc -c -g -O2  conftest.c >&5
configure:4887: $? = 0
configure:4887: result: yes
configure:4887: checking for unistd.h
configure:4887: gcc -c -g -O2  conftest.c >&5
configure:4887: $? = 0
configure:4887: result: yes
configure:4902: checking locale.h usability
configure:4902: gcc -c -g -O2  conftest.c >&5
configure:4902: $? = 0
configure:4902: result: yes
configure:4902: checking locale.h presence
configure:4902: gcc -E  conftest.c
configure:4902: $? = 0
configure:4902: result: yes
configure:4902: checking for locale.h
configure:4902: result: yes
configure:4913: checking for LC_MESSAGES
configure:4929: gcc -o conftest -g -O2   conftest.c  >&5
configure:4929: $? = 0
configure:4937: result: yes
configure:4954: checking libintl.h usability
configure:4954: gcc -c -g -O2  conftest.c >&5
configure:4954: $? = 0
configure:4954: result: yes
configure:4954: checking libintl.h presence
configure:4954: gcc -E  conftest.c
configure:4954: $? = 0
configure:4954: result: yes
configure:4954: checking for libintl.h
configure:4954: result: yes
configure:4962: checking for ngettext in libc
configure:4980: gcc -o conftest -g -O2   conftest.c  >&5
configure:4980: $? = 0
configure:4989: result: yes
configure:4993: checking for dgettext in libc
configure:5011: gcc -o conftest -g -O2   conftest.c  >&5
configure:5011: $? = 0
configure:5020: result: yes
configure:5027: checking for bind_textdomain_codeset
configure:5027: gcc -o conftest -g -O2   conftest.c  >&5
configure:5027: $? = 0
configure:5027: result: yes
configure:5303: checking for msgfmt
configure:5330: result: /usr/bin/msgfmt
configure:5341: checking for dcgettext
configure:5341: gcc -o conftest -g -O2   conftest.c   >&5
conftest.c:49:6: warning: conflicting types for built-in function 'dcgettext' [enabled by default]
 char dcgettext ();
      ^
configure:5341: $? = 0
configure:5341: result: yes
configure:5351: checking if msgfmt accepts -c
configure:5366: $MSGFMT -c -o /dev/null conftest.foo
conftest.foo:3: warning: header field 'Language' missing in header
configure:5369: $? = 0
configure:5371: result: yes
configure:5381: checking for gmsgfmt
configure:5412: result: /usr/bin/gmsgfmt
configure:5422: checking for xgettext
configure:5449: result: /usr/bin/xgettext
configure:5468: gcc -o conftest -g -O2   conftest.c   >&5
configure:5468: $? = 0
configure:5641: checking build system type
configure:5655: result: x86_64-unknown-linux-gnu
configure:5675: checking host system type
configure:5688: result: x86_64-unknown-linux-gnu
configure:5729: checking how to print strings
configure:5756: result: printf
configure:5777: checking for a sed that does not truncate output
configure:5841: result: /bin/sed
configure:5859: checking for fgrep
configure:5921: result: /bin/grep -F
configure:5956: checking for ld used by gcc
configure:6023: result: /usr/x86_64-pc-linux-gnu/bin/ld
configure:6030: checking if the linker (/usr/x86_64-pc-linux-gnu/bin/ld) is GNU ld
configure:6045: result: yes
configure:6057: checking for BSD- or MS-compatible name lister (nm)
configure:6111: result: /usr/bin/nm -B
configure:6241: checking the name lister (/usr/bin/nm -B) interface
configure:6248: gcc -c -g -O2  conftest.c >&5
configure:6251: /usr/bin/nm -B "conftest.o"
configure:6254: output
0000000000000000 B some_variable
configure:6261: result: BSD nm
configure:6264: checking whether ln -s works
configure:6268: result: yes
configure:6276: checking the maximum length of command line arguments
configure:6407: result: 1572864
configure:6455: checking how to convert x86_64-unknown-linux-gnu file names to x86_64-unknown-linux-gnu format
configure:6495: result: func_convert_file_noop
configure:6502: checking how to convert x86_64-unknown-linux-gnu file names to toolchain format
configure:6522: result: func_convert_file_noop
configure:6529: checking for /usr/x86_64-pc-linux-gnu/bin/ld option to reload object files
configure:6536: result: -r
configure:6610: checking for objdump
configure:6626: found /usr/bin/objdump
configure:6637: result: objdump
configure:6669: checking how to recognize dependent libraries
configure:6869: result: pass_all
configure:6954: checking for dlltool
configure:6984: result: no
configure:7014: checking how to associate runtime and link libraries
configure:7041: result: printf %s\n
configure:7101: checking for ar
configure:7117: found /usr/bin/ar
configure:7128: result: ar
configure:7165: checking for archiver @FILE support
configure:7182: gcc -c -g -O2  conftest.c >&5
configure:7182: $? = 0
configure:7185: ar cru libconftest.a @conftest.lst >&5
configure:7188: $? = 0
configure:7193: ar cru libconftest.a @conftest.lst >&5
ar: conftest.o: No such file or directory
configure:7196: $? = 1
configure:7208: result: @
configure:7266: checking for strip
configure:7282: found /usr/bin/strip
configure:7293: result: strip
configure:7365: checking for ranlib
configure:7381: found /usr/bin/ranlib
configure:7392: result: ranlib
configure:7494: checking command to parse /usr/bin/nm -B output from gcc object
configure:7647: gcc -c -g -O2  conftest.c >&5
configure:7650: $? = 0
configure:7654: /usr/bin/nm -B conftest.o \| sed -n -e 's/^.*[ ]\([ABCDGIRSTW][ABCDGIRSTW]*\)[ ][ ]*\([_A-Za-z][_A-Za-z0-9]*\)$/\1 \2 \2/p' | sed '/ __gnu_lto/d' \> conftest.nm
configure:7657: $? = 0
configure:7723: gcc -o conftest -g -O2   conftest.c conftstm.o >&5
configure:7726: $? = 0
configure:7764: result: ok
configure:7811: checking for sysroot
configure:7841: result: no
configure:7848: checking for a working dd
configure:7886: result: /bin/dd
configure:7890: checking how to truncate binary pipes
configure:7905: result: /bin/dd bs=4096 count=1
configure:8041: gcc -c -g -O2  conftest.c >&5
configure:8044: $? = 0
configure:8234: checking for mt
configure:8264: result: no
configure:8284: checking if : is a manifest tool
configure:8290: : '-?'
configure:8298: result: no
configure:8972: checking for dlfcn.h
configure:8972: gcc -c -g -O2  conftest.c >&5
configure:8972: $? = 0
configure:8972: result: yes
configure:9228: checking for objdir
configure:9243: result: .libs
configure:9503: checking if gcc supports -fno-rtti -fno-exceptions
configure:9521: gcc -c -g -O2  -fno-rtti -fno-exceptions conftest.c >&5
cc1: warning: command line option '-fno-rtti' is valid for C++/ObjC++ but not for C [enabled by default]
configure:9525: $? = 0
configure:9538: result: no
configure:9896: checking for gcc option to produce PIC
configure:9903: result: -fPIC -DPIC
configure:9911: checking if gcc PIC flag -fPIC -DPIC works
configure:9929: gcc -c -g -O2  -fPIC -DPIC -DPIC conftest.c >&5
configure:9933: $? = 0
configure:9946: result: yes
configure:9975: checking if gcc static flag -static works
configure:10003: result: yes
configure:10018: checking if gcc supports -c -o file.o
configure:10039: gcc -c -g -O2  -o out/conftest2.o conftest.c >&5
configure:10043: $? = 0
configure:10065: result: yes
configure:10073: checking if gcc supports -c -o file.o
configure:10120: result: yes
configure:10153: checking whether the gcc linker (/usr/x86_64-pc-linux-gnu/bin/ld -m elf_x86_64) supports shared libraries
configure:11412: result: yes
configure:11449: checking whether -lc should be explicitly linked in
configure:11457: gcc -c -g -O2  conftest.c >&5
configure:11460: $? = 0
configure:11475: gcc -shared  -fPIC -DPIC conftest.o  -v -Wl,-soname -Wl,conftest -o conftest 2\>\&1 \| /bin/grep  -lc  \>/dev/null 2\>\&1
configure:11478: $? = 0
configure:11492: result: no
configure:11652: checking dynamic linker characteristics
configure:12246: gcc -o conftest -g -O2   -Wl,-rpath -Wl,/foo conftest.c  >&5
configure:12246: $? = 0
configure:12483: result: GNU/Linux ld.so
configure:12605: checking how to hardcode library paths into programs
configure:12630: result: immediate
configure:13178: checking whether stripping libraries is possible
configure:13183: result: yes
configure:13218: checking if libtool supports shared libraries
configure:13220: result: yes
configure:13223: checking whether to build shared libraries
configure:13248: result: yes
configure:13251: checking whether to build static libraries
configure:13255: result: yes
configure:13408: checking that generated files are newer than configure
configure:13414: result: done
configure:13441: creating ./config.status

## ---------------------- ##
## Running config.status. ##
## ---------------------- ##

This file was extended by dht config.status 0.1, which was
generated by GNU Autoconf 2.69.  Invocation command line was

  CONFIG_FILES    = 
  CONFIG_HEADERS  = 
  CONFIG_LINKS    = 
  CONFIG_COMMANDS = 
  $ ./config.status 

on dhcppc10

config.status:1162: creating Makefile
config.status:1162: creating src/Makefile
config.status:1162: creating po/Makefile.in
config.status:1162: creating config.h
config.status:1343: config.h is unchanged
config.status:1391: executing depfiles commands
config.status:1391: executing default-1 commands
config.status:1391: executing libtool commands
config.status:1391: executing po/stamp-it commands

## ---------------- ##
## Cache variables. ##
## ---------------- ##

ac_cv_build=x86_64-unknown-linux-gnu
ac_cv_c_compiler_gnu=yes
ac_cv_env_CC_set=
ac_cv_env_CC_value=
ac_cv_env_CFLAGS_set=
ac_cv_env_CFLAGS_value=
ac_cv_env_CPPFLAGS_set=
ac_cv_env_CPPFLAGS_value=
ac_cv_env_CPP_set=
ac_cv_env_CPP_value=
ac_cv_env_LDFLAGS_set=
ac_cv_env_LDFLAGS_value=
ac_cv_env_LIBS_set=
ac_cv_env_LIBS_value=
ac_cv_env_LT_SYS_LIBRARY_PATH_set=
ac_cv_env_LT_SYS_LIBRARY_PATH_value=
ac_cv_env_build_alias_set=
ac_cv_env_build_alias_value=
ac_cv_env_host_alias_set=
ac_cv_env_host_alias_value=
ac_cv_env_target_alias_set=
ac_cv_env_target_alias_value=
ac_cv_func_bind_textdomain_codeset=yes
ac_cv_func_dcgettext=yes
ac_cv_header_dlfcn_h=yes
ac_cv_header_inttypes_h=yes
ac_cv_header_libintl_h=yes
ac_cv_header_locale_h=yes
ac_cv_header_memory_h=yes
ac_cv_header_stdc=yes
ac_cv_header_stdint_h=yes
ac_cv_header_stdlib_h=yes
ac_cv_header_string_h=yes
ac_cv_header_strings_h=yes
ac_cv_header_sys_stat_h=yes
ac_cv_header_sys_types_h=yes
ac_cv_header_unistd_h=yes
ac_cv_host=x86_64-unknown-linux-gnu
ac_cv_objext=o
ac_cv_path_EGREP='/bin/grep -E'
ac_cv_path_FGREP='/bin/grep -F'
ac_cv_path_GMSGFMT=/usr/bin/gmsgfmt
ac_cv_path_GREP=/bin/grep
ac_cv_path_INTLTOOL_EXTRACT=/usr/bin/intltool-extract
ac_cv_path_INTLTOOL_MERGE=/usr/bin/intltool-merge
ac_cv_path_INTLTOOL_PERL=/usr/bin/perl
ac_cv_path_INTLTOOL_UPDATE=/usr/bin/intltool-update
ac_cv_path_MSGFMT=/usr/bin/msgfmt
ac_cv_path_MSGMERGE=/usr/bin/msgmerge
ac_cv_path_SED=/bin/sed
ac_cv_path_XGETTEXT=/usr/bin/xgettext
ac_cv_path_install='/usr/bin/install -c'
ac_cv_path_lt_DD=/bin/dd
ac_cv_path_mkdir=/bin/mkdir
ac_cv_prog_AWK=gawk
ac_cv_prog_CPP='gcc -E'
ac_cv_prog_ac_ct_AR=ar
ac_cv_prog_ac_ct_CC=gcc
ac_cv_prog_ac_ct_OBJDUMP=objdump
ac_cv_prog_ac_ct_RANLIB=ranlib
ac_cv_prog_ac_ct_STRIP=strip
ac_cv_prog_cc_c89=
ac_cv_prog_cc_g=yes
ac_cv_prog_make_make_set=yes
am_cv_CC_dependencies_compiler_type=gcc3
am_cv_make_support_nested_variables=yes
am_cv_prog_cc_c_o=yes
am_cv_val_LC_MESSAGES=yes
gt_cv_func_dgettext_libc=yes
gt_cv_func_dgettext_libintl=no
gt_cv_func_ngettext_libc=yes
gt_cv_have_gettext=yes
lt_cv_ar_at_file=@
lt_cv_archive_cmds_need_lc=no
lt_cv_deplibs_check_method=pass_all
lt_cv_file_magic_cmd='$MAGIC_CMD'
lt_cv_file_magic_test_file=
lt_cv_ld_reload_flag=-r
lt_cv_nm_interface='BSD nm'
lt_cv_objdir=.libs
lt_cv_path_LD=/usr/x86_64-pc-linux-gnu/bin/ld
lt_cv_path_NM='/usr/bin/nm -B'
lt_cv_path_mainfest_tool=no
lt_cv_prog_compiler_c_o=yes
lt_cv_prog_compiler_pic='-fPIC -DPIC'
lt_cv_prog_compiler_pic_works=yes
lt_cv_prog_compiler_rtti_exceptions=no
lt_cv_prog_compiler_static_works=yes
lt_cv_prog_gnu_ld=yes
lt_cv_sharedlib_from_linklib_cmd='printf %s\n'
lt_cv_shlibpath_overrides_runpath=yes
lt_cv_sys_global_symbol_pipe='sed -n -e '\''s/^.*[	 ]\([ABCDGIRSTW][ABCDGIRSTW]*\)[	 ][	 ]*\([_A-Za-z][_A-Za-z0-9]*\)$/\1 \2 \2/p'\'' | sed '\''/ __gnu_lto/d'\'''
lt_cv_sys_global_symbol_to_c_name_address='sed -n -e '\''s/^: \(.*\) .*$/  {"\1", (void *) 0},/p'\'' -e '\''s/^[ABCDGIRSTW][ABCDGIRSTW]* .* \(.*\)$/  {"\1", (void *) \&\1},/p'\'''
lt_cv_sys_global_symbol_to_c_name_address_lib_prefix='sed -n -e '\''s/^: \(.*\) .*$/  {"\1", (void *) 0},/p'\'' -e '\''s/^[ABCDGIRSTW][ABCDGIRSTW]* .* \(lib.*\)$/  {"\1", (void *) \&\1},/p'\'' -e '\''s/^[ABCDGIRSTW][ABCDGIRSTW]* .* \(.*\)$/  {"lib\1", (void *) \&\1},/p'\'''
lt_cv_sys_global_symbol_to_cdecl='sed -n -e '\''s/^T .* \(.*\)$/extern int \1();/p'\'' -e '\''s/^[ABCDGIRSTW][ABCDGIRSTW]* .* \(.*\)$/extern char \1;/p'\'''
lt_cv_sys_global_symbol_to_import=
lt_cv_sys_max_cmd_len=1572864
lt_cv_to_host_file_cmd=func_convert_file_noop
lt_cv_to_tool_file_cmd=func_convert_file_noop
lt_cv_truncate_bin='/bin/dd bs=4096 count=1'

## ----------------- ##
## Output variables. ##
## ----------------- ##

ACLOCAL='${SHELL} /root/Desktop/DHT/missing aclocal-1.15'
ALL_LINGUAS=''
AMDEPBACKSLASH='\'
AMDEP_FALSE='#'
AMDEP_TRUE=''
AMTAR='$${TAR-tar}'
AM_BACKSLASH='\'
AM_DEFAULT_V='$(AM_DEFAULT_VERBOSITY)'
AM_DEFAULT_VERBOSITY='0'
AM_V='$(V)'
AR='ar'
AUTOCONF='${SHELL} /root/Desktop/DHT/missing autoconf'
AUTOHEADER='${SHELL} /root/Desktop/DHT/missing autoheader'
AUTOMAKE='${SHELL} /root/Desktop/DHT/missing automake-1.15'
AWK='gawk'
CATALOGS=''
CATOBJEXT='.gmo'
CC='gcc'
CCDEPMODE='depmode=gcc3'
CFLAGS='-g -O2'
CPP='gcc -E'
CPPFLAGS=''
CYGPATH_W='echo'
DATADIRNAME='share'
DEFS='-DHAVE_CONFIG_H'
DEPDIR='.deps'
DLLTOOL='false'
DSYMUTIL=''
DUMPBIN=''
ECHO_C=''
ECHO_N='-n'
ECHO_T=''
EGREP='/bin/grep -E'
EXEEXT=''
FGREP='/bin/grep -F'
GETTEXT_PACKAGE='dht'
GMOFILES=''
GMSGFMT='/usr/bin/gmsgfmt'
GREP='/bin/grep'
INSTALL_DATA='${INSTALL} -m 644'
INSTALL_PROGRAM='${INSTALL}'
INSTALL_SCRIPT='${INSTALL}'
INSTALL_STRIP_PROGRAM='$(install_sh) -c -s'
INSTOBJEXT='.mo'
INTLLIBS=''
INTLTOOL_CAVES_RULE='%.caves:     %.caves.in     $(INTLTOOL_MERGE) $(wildcard $(top_srcdir)/po/*.po) ; $(INTLTOOL_V_MERGE)LC_ALL=C $(INTLTOOL_MERGE) $(INTLTOOL_V_MERGE_OPTIONS) -d -u -c $(top_builddir)/po/.intltool-merge-cache $(top_srcdir)/po $< $@'
INTLTOOL_DESKTOP_RULE='%.desktop:   %.desktop.in   $(INTLTOOL_MERGE) $(wildcard $(top_srcdir)/po/*.po) ; $(INTLTOOL_V_MERGE)LC_ALL=C $(INTLTOOL_MERGE) $(INTLTOOL_V_MERGE_OPTIONS) -d -u -c $(top_builddir)/po/.intltool-merge-cache $(top_srcdir)/po $< $@'
INTLTOOL_DIRECTORY_RULE='%.directory: %.directory.in $(INTLTOOL_MERGE) $(wildcard $(top_srcdir)/po/*.po) ; $(INTLTOOL_V_MERGE)LC_ALL=C $(INTLTOOL_MERGE) $(INTLTOOL_V_MERGE_OPTIONS) -d -u -c $(top_builddir)/po/.intltool-merge-cache $(top_srcdir)/po $< $@'
INTLTOOL_EXTRACT='/usr/bin/intltool-extract'
INTLTOOL_KBD_RULE='%.kbd:       %.kbd.in       $(INTLTOOL_MERGE) $(wildcard $(top_srcdir)/po/*.po) ; $(INTLTOOL_V_MERGE)LC_ALL=C $(INTLTOOL_MERGE) $(INTLTOOL_V_MERGE_OPTIONS) -x -u -m -c $(top_builddir)/po/.intltool-merge-cache $(top_srcdir)/po $< $@'
INTLTOOL_KEYS_RULE='%.keys:      %.keys.in      $(INTLTOOL_MERGE) $(wildcard $(top_srcdir)/po/*.po) ; $(INTLTOOL_V_MERGE)LC_ALL=C $(INTLTOOL_MERGE) $(INTLTOOL_V_MERGE_OPTIONS) -k -u -c $(top_builddir)/po/.intltool-merge-cache $(top_srcdir)/po $< $@'
INTLTOOL_MERGE='/usr/bin/intltool-merge'
INTLTOOL_OAF_RULE='%.oaf:       %.oaf.in       $(INTLTOOL_MERGE) $(wildcard $(top_srcdir)/po/*.po) ; $(INTLTOOL_V_MERGE)LC_ALL=C $(INTLTOOL_MERGE) $(INTLTOOL_V_MERGE_OPTIONS) -o -p $(top_srcdir)/po $< $@'
INTLTOOL_PERL='/usr/bin/perl'
INTLTOOL_POLICY_RULE='%.policy:    %.policy.in    $(INTLTOOL_MERGE) $(wildcard $(top_srcdir)/po/*.po) ; $(INTLTOOL_V_MERGE)LC_ALL=C $(INTLTOOL_MERGE) $(INTLTOOL_V_MERGE_OPTIONS) -x -u -c $(top_builddir)/po/.intltool-merge-cache $(top_srcdir)/po $< $@'
INTLTOOL_PONG_RULE='%.pong:      %.pong.in      $(INTLTOOL_MERGE) $(wildcard $(top_srcdir)/po/*.po) ; $(INTLTOOL_V_MERGE)LC_ALL=C $(INTLTOOL_MERGE) $(INTLTOOL_V_MERGE_OPTIONS) -x -u -c $(top_builddir)/po/.intltool-merge-cache $(top_srcdir)/po $< $@'
INTLTOOL_PROP_RULE='%.prop:      %.prop.in      $(INTLTOOL_MERGE) $(wildcard $(top_srcdir)/po/*.po) ; $(INTLTOOL_V_MERGE)LC_ALL=C $(INTLTOOL_MERGE) $(INTLTOOL_V_MERGE_OPTIONS) -d -u -c $(top_builddir)/po/.intltool-merge-cache $(top_srcdir)/po $< $@'
INTLTOOL_SCHEMAS_RULE='%.schemas:   %.schemas.in   $(INTLTOOL_MERGE) $(wildcard $(top_srcdir)/po/*.po) ; $(INTLTOOL_V_MERGE)LC_ALL=C $(INTLTOOL_MERGE) $(INTLTOOL_V_MERGE_OPTIONS) -s -u -c $(top_builddir)/po/.intltool-merge-cache $(top_srcdir)/po $< $@'
INTLTOOL_SERVER_RULE='%.server:    %.server.in    $(INTLTOOL_MERGE) $(wildcard $(top_srcdir)/po/*.po) ; $(INTLTOOL_V_MERGE)LC_ALL=C $(INTLTOOL_MERGE) $(INTLTOOL_V_MERGE_OPTIONS) -o -u -c $(top_builddir)/po/.intltool-merge-cache $(top_srcdir)/po $< $@'
INTLTOOL_SERVICE_RULE='%.service: %.service.in   $(INTLTOOL_MERGE) $(wildcard $(top_srcdir)/po/*.po) ; $(INTLTOOL_V_MERGE)LC_ALL=C $(INTLTOOL_MERGE) $(INTLTOOL_V_MERGE_OPTIONS) -d -u -c $(top_builddir)/po/.intltool-merge-cache $(top_srcdir)/po $< $@'
INTLTOOL_SHEET_RULE='%.sheet:     %.sheet.in     $(INTLTOOL_MERGE) $(wildcard $(top_srcdir)/po/*.po) ; $(INTLTOOL_V_MERGE)LC_ALL=C $(INTLTOOL_MERGE) $(INTLTOOL_V_MERGE_OPTIONS) -x -u -c $(top_builddir)/po/.intltool-merge-cache $(top_srcdir)/po $< $@'
INTLTOOL_SOUNDLIST_RULE='%.soundlist: %.soundlist.in $(INTLTOOL_MERGE) $(wildcard $(top_srcdir)/po/*.po) ; $(INTLTOOL_V_MERGE)LC_ALL=C $(INTLTOOL_MERGE) $(INTLTOOL_V_MERGE_OPTIONS) -d -u -c $(top_builddir)/po/.intltool-merge-cache $(top_srcdir)/po $< $@'
INTLTOOL_THEME_RULE='%.theme:     %.theme.in     $(INTLTOOL_MERGE) $(wildcard $(top_srcdir)/po/*.po) ; $(INTLTOOL_V_MERGE)LC_ALL=C $(INTLTOOL_MERGE) $(INTLTOOL_V_MERGE_OPTIONS) -d -u -c $(top_builddir)/po/.intltool-merge-cache $(top_srcdir)/po $< $@'
INTLTOOL_UI_RULE='%.ui:        %.ui.in        $(INTLTOOL_MERGE) $(wildcard $(top_srcdir)/po/*.po) ; $(INTLTOOL_V_MERGE)LC_ALL=C $(INTLTOOL_MERGE) $(INTLTOOL_V_MERGE_OPTIONS) -x -u -c $(top_builddir)/po/.intltool-merge-cache $(top_srcdir)/po $< $@'
INTLTOOL_UPDATE='/usr/bin/intltool-update'
INTLTOOL_V_MERGE='$(INTLTOOL__v_MERGE_$(V))'
INTLTOOL_V_MERGE_OPTIONS='$(intltool__v_merge_options_$(V))'
INTLTOOL_XAM_RULE='%.xam:       %.xml.in       $(INTLTOOL_MERGE) $(wildcard $(top_srcdir)/po/*.po) ; $(INTLTOOL_V_MERGE)LC_ALL=C $(INTLTOOL_MERGE) $(INTLTOOL_V_MERGE_OPTIONS) -x -u -c $(top_builddir)/po/.intltool-merge-cache $(top_srcdir)/po $< $@'
INTLTOOL_XML_NOMERGE_RULE='%.xml:       %.xml.in       $(INTLTOOL_MERGE) ; $(INTLTOOL_V_MERGE)LC_ALL=C $(INTLTOOL_MERGE) $(INTLTOOL_V_MERGE_OPTIONS) -x -u --no-translations $< $@'
INTLTOOL_XML_RULE='%.xml:       %.xml.in       $(INTLTOOL_MERGE) $(wildcard $(top_srcdir)/po/*.po) ; $(INTLTOOL_V_MERGE)LC_ALL=C $(INTLTOOL_MERGE) $(INTLTOOL_V_MERGE_OPTIONS) -x -u -c $(top_builddir)/po/.intltool-merge-cache $(top_srcdir)/po $< $@'
INTLTOOL__v_MERGE_0='@echo "  ITMRG " $@;'
INTLTOOL__v_MERGE_='$(INTLTOOL__v_MERGE_$(AM_DEFAULT_VERBOSITY))'
LD='/usr/x86_64-pc-linux-gnu/bin/ld -m elf_x86_64'
LDFLAGS=''
LIBOBJS=''
LIBS=''
LIBTOOL='$(SHELL) $(top_builddir)/libtool'
LIPO=''
LN_S='ln -s'
LTLIBOBJS=''
LT_SYS_LIBRARY_PATH=''
MAKEINFO='${SHELL} /root/Desktop/DHT/missing makeinfo'
MANIFEST_TOOL=':'
MKDIR_P='/bin/mkdir -p'
MKINSTALLDIRS='./mkinstalldirs'
MSGFMT='/usr/bin/msgfmt'
MSGFMT_OPTS='-c'
MSGMERGE='/usr/bin/msgmerge'
NM='/usr/bin/nm -B'
NMEDIT=''
OBJDUMP='objdump'
OBJEXT='o'
OTOOL64=''
OTOOL=''
PACKAGE='dht'
PACKAGE_BUGREPORT=''
PACKAGE_NAME='dht'
PACKAGE_STRING='dht 0.1'
PACKAGE_TARNAME='dht'
PACKAGE_URL=''
PACKAGE_VERSION='0.1'
PATH_SEPARATOR=':'
POFILES=''
POSUB='po'
PO_IN_DATADIR_FALSE=''
PO_IN_DATADIR_TRUE=''
RANLIB='ranlib'
SED='/bin/sed'
SET_MAKE=''
SHELL='/bin/sh'
STRIP='strip'
USE_NLS='yes'
VERSION='0.1'
XGETTEXT='/usr/bin/xgettext'
ac_ct_AR='ar'
ac_ct_CC='gcc'
ac_ct_DUMPBIN=''
am__EXEEXT_FALSE=''
am__EXEEXT_TRUE='#'
am__fastdepCC_FALSE='#'
am__fastdepCC_TRUE=''
am__include='include'
am__isrc=''
am__leading_dot='.'
am__nodep='_no'
am__quote=''
am__tar='$${TAR-tar} chof - "$$tardir"'
am__untar='$${TAR-tar} xf -'
bindir='${exec_prefix}/bin'
build='x86_64-unknown-linux-gnu'
build_alias=''
build_cpu='x86_64'
build_os='linux-gnu'
build_vendor='unknown'
datadir='${datarootdir}'
datarootdir='${prefix}/share'
docdir='${datarootdir}/doc/${PACKAGE_TARNAME}'
dvidir='${docdir}'
exec_prefix='${prefix}'
host='x86_64-unknown-linux-gnu'
host_alias=''
host_cpu='x86_64'
host_os='linux-gnu'
host_vendor='unknown'
htmldir='${docdir}'
includedir='${prefix}/include'
infodir='${datarootdir}/info'
install_sh='${SHELL} /root/Desktop/DHT/install-sh'
intltool__v_merge_options_0='-q'
intltool__v_merge_options_='$(intltool__v_merge_options_$(AM_DEFAULT_VERBOSITY))'
libdir='${exec_prefix}/lib'
libexecdir='${exec_prefix}/libexec'
localedir='${datarootdir}/locale'
localstatedir='${prefix}/var'
mandir='${datarootdir}/man'
mkdir_p='$(MKDIR_P)'
oldincludedir='/usr/include'
pdfdir='${docdir}'
prefix='/usr/local'
program_transform_name='s,x,x,'
psdir='${docdir}'
sbindir='${exec_prefix}/sbin'
sharedstatedir='${prefix}/com'
sysconfdir='${prefix}/etc'
target_alias=''

## ----------- ##
## confdefs.h. ##
## ----------- ##

/* confdefs.h */
#define PACKAGE_NAME "dht"
#define PACKAGE_TARNAME "dht"
#define PACKAGE_VERSION "0.1"
#define PACKAGE_STRING "dht 0.1"
#define PACKAGE_BUGREPORT ""
#define PACKAGE_URL ""
#define PACKAGE "dht"
#define VERSION "0.1"
#define GETTEXT_PACKAGE "dht"
#define STDC_HEADERS 1
#define HAVE_SYS_TYPES_H 1
#define HAVE_SYS_STAT_H 1
#define HAVE_STDLIB_H 1
#define HAVE_STRING_H 1
#define HAVE_MEMORY_H 1
#define HAVE_STRINGS_H 1
#define HAVE_INTTYPES_H 1
#define HAVE_STDINT_H 1
#define HAVE_UNISTD_H 1
#define HAVE_LOCALE_H 1
#define HAVE_LC_MESSAGES 1
#define HAVE_BIND_TEXTDOMAIN_CODESET 1
#define HAVE_GETTEXT 1
#define HAVE_DCGETTEXT 1
#define ENABLE_NLS 1
#define HAVE_DLFCN_H 1
#define LT_OBJDIR ".libs/"

configure: exit 0
